CRITICAL - 2023-06-19 14:10:17 --> Invalid file: "login.php"
in SYSTEMPATH\Exceptions\FrameworkException.php on line 33.
 1 SYSTEMPATH\View\View.php(201): CodeIgniter\Exceptions\FrameworkException::forInvalidFile('login.php')
 2 SYSTEMPATH\Common.php(1184): CodeIgniter\View\View->render('login', [], true)
 3 APPPATH\Controllers\Home.php(43): view('login', [])
 4 SYSTEMPATH\CodeIgniter.php(934): App\Controllers\Home->login()
 5 SYSTEMPATH\CodeIgniter.php(499): CodeIgniter\CodeIgniter->runController(Object(App\Controllers\Home))
 6 SYSTEMPATH\CodeIgniter.php(368): CodeIgniter\CodeIgniter->handleRequest(null, Object(Config\Cache), false)
 7 FCPATH\index.php(67): CodeIgniter\CodeIgniter->run()
ERROR - 2023-06-19 14:10:59 --> #0 C:\xampp\htdocs\ci4lagi\vendor\twig\twig\src\Loader\FilesystemLoader.php(131): Twig\Loader\FilesystemLoader->findTemplate('login')
#1 C:\xampp\htdocs\ci4lagi\vendor\twig\twig\src\Environment.php(264): Twig\Loader\FilesystemLoader->getCacheKey('login')
#2 C:\xampp\htdocs\ci4lagi\vendor\twig\twig\src\Environment.php(312): Twig\Environment->getTemplateClass('login')
#3 C:\xampp\htdocs\ci4lagi\vendor\twig\twig\src\Environment.php(280): Twig\Environment->load('login')
#4 C:\xampp\htdocs\ci4lagi\app\Controllers\BaseController.php(144): Twig\Environment->render('login', Array)
#5 C:\xampp\htdocs\ci4lagi\app\Controllers\Home.php(47): App\Controllers\BaseController->render('login', Array, Array)
#6 C:\xampp\htdocs\ci4lagi\vendor\codeigniter4\framework\system\CodeIgniter.php(934): App\Controllers\Home->login()
#7 C:\xampp\htdocs\ci4lagi\vendor\codeigniter4\framework\system\CodeIgniter.php(499): CodeIgniter\CodeIgniter->runController(Object(App\Controllers\Home))
#8 C:\xampp\htdocs\ci4lagi\vendor\codeigniter4\framework\system\CodeIgniter.php(368): CodeIgniter\CodeIgniter->handleRequest(NULL, Object(Config\Cache), false)
#9 C:\xampp\htdocs\ci4lagi\index.php(67): CodeIgniter\CodeIgniter->run()
#10 {main}
ERROR - 2023-06-19 14:11:04 --> #0 C:\xampp\htdocs\ci4lagi\vendor\twig\twig\src\Loader\FilesystemLoader.php(131): Twig\Loader\FilesystemLoader->findTemplate('login')
#1 C:\xampp\htdocs\ci4lagi\vendor\twig\twig\src\Environment.php(264): Twig\Loader\FilesystemLoader->getCacheKey('login')
#2 C:\xampp\htdocs\ci4lagi\vendor\twig\twig\src\Environment.php(312): Twig\Environment->getTemplateClass('login')
#3 C:\xampp\htdocs\ci4lagi\vendor\twig\twig\src\Environment.php(280): Twig\Environment->load('login')
#4 C:\xampp\htdocs\ci4lagi\app\Controllers\BaseController.php(144): Twig\Environment->render('login', Array)
#5 C:\xampp\htdocs\ci4lagi\app\Controllers\Home.php(47): App\Controllers\BaseController->render('login', Array, Array)
#6 C:\xampp\htdocs\ci4lagi\vendor\codeigniter4\framework\system\CodeIgniter.php(934): App\Controllers\Home->login()
#7 C:\xampp\htdocs\ci4lagi\vendor\codeigniter4\framework\system\CodeIgniter.php(499): CodeIgniter\CodeIgniter->runController(Object(App\Controllers\Home))
#8 C:\xampp\htdocs\ci4lagi\vendor\codeigniter4\framework\system\CodeIgniter.php(368): CodeIgniter\CodeIgniter->handleRequest(NULL, Object(Config\Cache), false)
#9 C:\xampp\htdocs\ci4lagi\index.php(67): CodeIgniter\CodeIgniter->run()
#10 {main}
